\BOOKMARK [0][-]{Doc-Start}{\376\377\000S\000u\000m\000m\000a\000r\000y\000\040\000/\000\040\000R\000e\000s\000u\000m\000\351}{}% 1
\BOOKMARK [0][-]{section*.1}{\376\377\000C\000o\000n\000t\000e\000n\000t\000s}{}% 2
\BOOKMARK [0][-]{chapter.1}{\376\377\000I\000n\000t\000r\000o\000d\000u\000c\000t\000i\000o\000n}{}% 3
\BOOKMARK [1][-]{section.1.1}{\376\377\000S\000t\000r\000o\000n\000g\000\040\000I\000n\000t\000e\000r\000a\000c\000t\000i\000o\000n\000s}{chapter.1}% 4
\BOOKMARK [1][-]{section.1.2}{\376\377\000O\000u\000t\000l\000i\000n\000e\000\040\000o\000f\000\040\000T\000h\000e\000s\000i\000s}{chapter.1}% 5
\BOOKMARK [0][-]{chapter.2}{\376\377\000T\000h\000e\000o\000r\000e\000t\000i\000c\000a\000l\000\040\000b\000a\000c\000k\000g\000r\000o\000u\000n\000d}{}% 6
\BOOKMARK [1][-]{section.2.1}{\376\377\000I\000n\000t\000e\000r\000a\000c\000t\000i\000o\000n\000\040\000o\000f\000\040\000R\000a\000d\000i\000a\000t\000i\000o\000n\000\040\000w\000i\000t\000h\000\040\000M\000a\000t\000t\000e\000r}{chapter.2}% 7
\BOOKMARK [1][-]{section.2.2}{\376\377\000D\000e\000n\000s\000i\000t\000y\000\040\000o\000f\000\040\000S\000t\000a\000t\000e\000s}{chapter.2}% 8
\BOOKMARK [0][-]{chapter.3}{\376\377\000T\000h\000e\000\040\000N\000u\000c\000l\000e\000a\000r\000\040\000M\000o\000d\000e\000l\000\040\000w\000i\000t\000h\000\040\000E\000x\000p\000l\000i\000c\000i\000t\000\040\000M\000e\000s\000o\000n\000s}{}% 9
\BOOKMARK [1][-]{section.3.1}{\376\377\000N\000u\000c\000l\000e\000a\000r\000\040\000i\000n\000t\000e\000r\000a\000c\000t\000i\000n\000g\000\040\000m\000o\000d\000e\000l\000\040\000w\000i\000t\000h\000\040\000e\000x\000p\000l\000i\000c\000i\000t\000\040\000p\000i\000o\000n\000s\000\040}{chapter.3}% 10
\BOOKMARK [1][-]{section.3.2}{\376\377\000D\000r\000e\000s\000s\000i\000n\000g\000\040\000o\000f\000\040\000t\000h\000e\000\040\000N\000u\000c\000l\000e\000o\000n\000\040\000i\000n\000\040\000t\000h\000e\000\040\000O\000n\000e\000\040\000P\000i\000o\000n\000\040\000A\000p\000p\000r\000o\000x\000i\000m\000a\000t\000i\000o\000n}{chapter.3}% 11
\BOOKMARK [1][-]{section.3.3}{\376\377\000D\000r\000e\000s\000s\000i\000n\000g\000\040\000o\000f\000\040\000t\000h\000e\000\040\000p\000r\000o\000t\000o\000n}{chapter.3}% 12
\BOOKMARK [1][-]{section.3.4}{\376\377\000N\000u\000m\000e\000r\000i\000c\000a\000l\000\040\000c\000o\000n\000s\000i\000d\000e\000r\000a\000t\000i\000o\000n\000s}{chapter.3}% 13
\BOOKMARK [2][-]{subsection.3.4.1}{\376\377\000D\000i\000f\000f\000e\000r\000e\000n\000t\000\040\000f\000o\000r\000m\000\040\000f\000a\000c\000t\000o\000r\000s}{section.3.4}% 14
\BOOKMARK [2][-]{subsection.3.4.2}{\376\377\000R\000e\000l\000a\000t\000i\000v\000i\000s\000t\000i\000c\000\040\000E\000x\000p\000a\000n\000s\000i\000o\000n}{section.3.4}% 15
\BOOKMARK [2][-]{subsection.3.4.3}{\376\377\000N\000u\000c\000l\000e\000a\000r\000\040\000E\000f\000f\000e\000c\000t\000i\000v\000e\000\040\000F\000i\000e\000l\000d\000\040\000T\000h\000e\000o\000r\000y\000\040\000O\000p\000e\000r\000a\000t\000o\000r}{section.3.4}% 16
\BOOKMARK [2][-]{subsection.3.4.4}{\376\377\000C\000h\000a\000r\000g\000e\000\040\000d\000e\000n\000s\000i\000t\000y}{section.3.4}% 17
\BOOKMARK [0][-]{chapter.4}{\376\377\000P\000i\000o\000n\000\040\000p\000h\000o\000t\000o\000p\000r\000o\000d\000u\000c\000t\000i\000o\000n}{}% 18
\BOOKMARK [1][-]{section.4.1}{\376\377\000D\000i\000p\000o\000l\000e\000\040\000A\000p\000p\000r\000o\000x\000i\000m\000a\000t\000i\000o\000n}{chapter.4}% 19
\BOOKMARK [1][-]{section.4.2}{\376\377\000E\000x\000a\000c\000t\000\040\000M\000a\000t\000r\000i\000x\000\040\000E\000l\000e\000m\000e\000n\000t}{chapter.4}% 20
\BOOKMARK [2][-]{subsection.4.2.1}{\376\377\000N\000e\000u\000t\000r\000a\000l\000\040\000P\000i\000o\000n\000\040\000P\000h\000o\000t\000o\000t\000o\000p\000r\000o\000d\000u\000c\000t\000i\000o\000n\000\040\000o\000f\000f\000\040\000P\000r\000o\000t\000o\000n\000s}{section.4.2}% 21
\BOOKMARK [2][-]{subsection.4.2.2}{\376\377\000N\000e\000u\000t\000r\000a\000l\000\040\000P\000i\000o\000n\000\040\000P\000h\000o\000t\000o\000t\000o\000p\000r\000o\000d\000u\000c\000t\000i\000o\000n\000\040\000o\000f\000f\000\040\000N\000e\000u\000t\000r\000o\000n\000s}{section.4.2}% 22
\BOOKMARK [2][-]{subsection.4.2.3}{\376\377\000C\000h\000a\000r\000g\000e\000d\000\040\000P\000i\000o\000n\000\040\000P\000h\000o\000t\000o\000t\000o\000p\000r\000o\000d\000u\000c\000t\000i\000o\000n\000\040\000o\000f\000f\000\040\000P\000r\000o\000t\000o\000n\000s}{section.4.2}% 23
\BOOKMARK [2][-]{subsection.4.2.4}{\376\377\000C\000h\000a\000r\000g\000e\000d\000\040\000P\000i\000o\000n\000\040\000P\000h\000o\000t\000o\000t\000o\000p\000r\000o\000d\000u\000c\000t\000i\000o\000n\000\040\000o\000f\000f\000\040\000N\000e\000u\000t\000r\000o\000n\000s}{section.4.2}% 24
\BOOKMARK [0][-]{chapter.5}{\376\377\000C\000o\000n\000c\000l\000u\000s\000i\000o\000n}{}% 25
\BOOKMARK [0][-]{chapter*.2}{\376\377\000B\000i\000b\000l\000i\000o\000g\000r\000a\000p\000h\000y}{}% 26
\BOOKMARK [0][-]{appendix.A}{\376\377\000N\000u\000c\000l\000e\000a\000r\000\040\000p\000h\000o\000t\000o\000e\000f\000f\000e\000c\000t\000\040\000a\000n\000d\000\040\000t\000h\000e\000\040\000d\000e\000u\000t\000e\000r\000o\000n}{}% 27
\BOOKMARK [0][-]{appendix.B}{\376\377\000S\000p\000e\000c\000i\000a\000l\000\040\000f\000u\000n\000c\000t\000i\000o\000n\000s\000\040\000a\000n\000d\000\040\000p\000r\000o\000p\000e\000r\000t\000i\000e\000s}{}% 28
\BOOKMARK [1][-]{section.B.1}{\376\377\000L\000e\000g\000e\000n\000d\000r\000e\000\040\000p\000o\000l\000y\000n\000o\000m\000i\000a\000l\000s\000\040\000a\000n\000d\000\040\000s\000p\000h\000e\000r\000i\000c\000a\000l\000\040\000B\000e\000s\000s\000e\000l\000\040\000f\000u\000n\000c\000t\000i\000o\000n\000s}{appendix.B}% 29
\BOOKMARK [1][-]{section.B.2}{\376\377\000H\000a\000n\000k\000e\000l\000\040\000t\000r\000a\000n\000s\000f\000o\000r\000m}{appendix.B}% 30
\BOOKMARK [1][-]{section.B.3}{\376\377\000C\000o\000u\000l\000o\000m\000b\000\040\000w\000a\000v\000e\000\040\000f\000u\000n\000c\000t\000i\000o\000n\000s}{appendix.B}% 31
\BOOKMARK [0][-]{appendix.C}{\376\377\000T\000h\000r\000e\000e\000\040\000c\000o\000m\000p\000o\000n\000e\000n\000t\000\040\000w\000a\000v\000e\000f\000u\000n\000c\000t\000i\000o\000n}{}% 32
\BOOKMARK [0][-]{appendix.D}{\376\377\000A\000n\000g\000u\000l\000a\000r\000\040\000d\000i\000s\000t\000r\000i\000b\000u\000t\000i\000o\000n}{}% 33
